DEBUG LEAVES: User admin@dayflow.com, Role admin, Total Count 17
DEBUG LEAVES: User admin@dayflow.com, Role admin, Total Count 17
DEBUG LEAVES END: User admin@dayflow.com, Count 17
DEBUG LEAVES: User hr@dayflow.com, Role hr, Total Count 17
DEBUG LEAVES END: User hr@dayflow.com, Count 17
DEBUG LEAVES: User hr@dayflow.com, Role hr, Total Count 17
DEBUG LEAVES END: User hr@dayflow.com, Count 17
DEBUG LEAVES: User hr@dayflow.com, Role hr, Total Count 17
DEBUG LEAVES END: User hr@dayflow.com, Count 17
DEBUG LEAVES: User hr@dayflow.com, Role hr, Total Count 17
DEBUG LEAVES END: User hr@dayflow.com, Count 17
DEBUG LEAVES: User hr@dayflow.com, Role hr, Total Count 17
DEBUG LEAVES END: User hr@dayflow.com, Count 4
DEBUG LEAVES: User hr@dayflow.com, Role hr, Total Count 17
DEBUG LEAVES END: User hr@dayflow.com, Count 4
DEBUG LEAVES: User hr@dayflow.com, Role hr, Total Count 17
DEBUG LEAVES END: User hr@dayflow.com, Count 17
DEBUG LEAVES: User hr@dayflow.com, Role hr, Total Count 17
DEBUG LEAVES END: User hr@dayflow.com, Count 17
DEBUG LEAVES: User hr@dayflow.com, Role hr, Total Count 17
DEBUG LEAVES END: User hr@dayflow.com, Count 17
DEBUG LEAVES: User hr@dayflow.com, Role hr, Total Count 17
DEBUG LEAVES END: User hr@dayflow.com, Count 17
DEBUG LEAVES: User hr@dayflow.com, Role hr, Total Count 17
DEBUG LEAVES END: User hr@dayflow.com, Count 17
DEBUG LEAVES: User hr@dayflow.com, Role hr, Total Count 17
DEBUG LEAVES END: User hr@dayflow.com, Count 17
DEBUG LEAVES: User hr@dayflow.com, Role hr, Total Count 17
DEBUG LEAVES END: User hr@dayflow.com, Count 17
DEBUG LEAVES: User hr@dayflow.com, Role hr, Total Count 17
DEBUG LEAVES END: User hr@dayflow.com, Count 17
DEBUG LEAVES: User hr@dayflow.com, Role hr, Total Count 17
DEBUG LEAVES END: User hr@dayflow.com, Count 17
DEBUG LEAVES: User hr@dayflow.com, Role hr, Total Count 17
DEBUG LEAVES END: User hr@dayflow.com, Count 17
DEBUG LEAVES: User admin@dayflow.com, Role admin, Total Count 17
DEBUG LEAVES END: User admin@dayflow.com, Count 17
DEBUG LEAVES: User admin@dayflow.com, Role admin, Total Count 17
DEBUG LEAVES END: User admin@dayflow.com, Count 17
DEBUG LEAVES: User admin@dayflow.com, Role admin, Total Count 17
DEBUG LEAVES END: User admin@dayflow.com, Count 17
DEBUG LEAVES: User admin@dayflow.com, Role admin, Total Count 17
DEBUG LEAVES END: User admin@dayflow.com, Count 17
DEBUG LEAVES: User admin@dayflow.com, Role admin, Total Count 17
DEBUG LEAVES END: User admin@dayflow.com, Count 17
DEBUG LEAVES: User admin@dayflow.com, Role admin, Total Count 17
DEBUG LEAVES END: User admin@dayflow.com, Count 17
DEBUG LEAVES: User admin@dayflow.com, Role admin, Total Count 17
DEBUG LEAVES END: User admin@dayflow.com, Count 17
DEBUG LEAVES: User admin@dayflow.com, Role admin, Total Count 17
DEBUG LEAVES END: User admin@dayflow.com, Count 17
DEBUG LEAVES: User admin@dayflow.com, Role admin, Total Count 17
DEBUG LEAVES END: User admin@dayflow.com, Count 17
DEBUG LEAVES: User admin@dayflow.com, Role admin, Total Count 17
DEBUG LEAVES END: User admin@dayflow.com, Count 17
DEBUG LEAVES: User admin@dayflow.com, Role admin, Total Count 17
DEBUG LEAVES END: User admin@dayflow.com, Count 17
DEBUG LEAVES: User admin@dayflow.com, Role admin, Total Count 17
DEBUG LEAVES END: User admin@dayflow.com, Count 17
DEBUG LEAVES: User admin@dayflow.com, Role admin, Total Count 17
DEBUG LEAVES END: User admin@dayflow.com, Count 17
DEBUG LEAVES: User admin@dayflow.com, Role admin, Total Count 17
DEBUG LEAVES END: User admin@dayflow.com, Count 17
DEBUG LEAVES: User admin@dayflow.com, Role admin, Total Count 17
DEBUG LEAVES END: User admin@dayflow.com, Count 17
DEBUG LEAVES: User admin@dayflow.com, Role admin, Total Count 17
DEBUG LEAVES END: User admin@dayflow.com, Count 17
DEBUG LEAVES: User admin@dayflow.com, Role admin, Total Count 17
DEBUG LEAVES END: User admin@dayflow.com, Count 17
DEBUG LEAVES: User admin@dayflow.com, Role admin, Total Count 17
DEBUG LEAVES END: User admin@dayflow.com, Count 17
DEBUG LEAVES: User admin@dayflow.com, Role admin, Total Count 17
DEBUG LEAVES END: User admin@dayflow.com, Count 17
DEBUG LEAVES: User admin@dayflow.com, Role admin, Total Count 17
DEBUG LEAVES END: User admin@dayflow.com, Count 17
DEBUG LEAVES: User admin@dayflow.com, Role admin, Total Count 17
DEBUG LEAVES END: User admin@dayflow.com, Count 17
DEBUG LEAVES: User admin@dayflow.com, Role admin, Total Count 17
DEBUG LEAVES END: User admin@dayflow.com, Count 17
DEBUG LEAVES: User admin@dayflow.com, Role admin, Total Count 17
DEBUG LEAVES END: User admin@dayflow.com, Count 17
DEBUG LEAVES: User admin@dayflow.com, Role admin, Total Count 17
DEBUG LEAVES END: User admin@dayflow.com, Count 17
DEBUG LEAVES: User admin@dayflow.com, Role admin, Total Count 17
DEBUG LEAVES END: User admin@dayflow.com, Count 17
DEBUG LEAVES: User admin@dayflow.com, Role admin, Total Count 17
DEBUG LEAVES END: User admin@dayflow.com, Count 17
DEBUG LEAVES: User admin@dayflow.com, Role admin, Total Count 17
DEBUG LEAVES END: User admin@dayflow.com, Count 17
DEBUG LEAVES: User admin@dayflow.com, Role admin, Total Count 17
DEBUG LEAVES END: User admin@dayflow.com, Count 17
DEBUG LEAVES: User admin@dayflow.com, Role admin, Total Count 17
DEBUG LEAVES END: User admin@dayflow.com, Count 17
DEBUG LEAVES: User admin@dayflow.com, Role admin, Total Count 17
DEBUG LEAVES END: User admin@dayflow.com, Count 17
DEBUG LEAVES: User admin@dayflow.com, Role admin, Total Count 17
DEBUG LEAVES END: User admin@dayflow.com, Count 17
DEBUG LEAVES: User admin@dayflow.com, Role admin, Total Count 17
DEBUG LEAVES END: User admin@dayflow.com, Count 17
DEBUG LEAVES: User admin@dayflow.com, Role admin, Total Count 17
DEBUG LEAVES END: User admin@dayflow.com, Count 17
DEBUG LEAVES: User admin@dayflow.com, Role admin, Total Count 17
DEBUG LEAVES END: User admin@dayflow.com, Count 17
DEBUG LEAVES: User admin@dayflow.com, Role admin, Total Count 17
DEBUG LEAVES END: User admin@dayflow.com, Count 17
DEBUG LEAVES: User admin@dayflow.com, Role admin, Total Count 17
DEBUG LEAVES END: User admin@dayflow.com, Count 17
DEBUG LEAVES: User admin@dayflow.com, Role admin, Total Count 17
DEBUG LEAVES END: User admin@dayflow.com, Count 17
DEBUG LEAVES: User admin@dayflow.com, Role admin, Total Count 17
DEBUG LEAVES END: User admin@dayflow.com, Count 17
DEBUG LEAVES: User admin@dayflow.com, Role admin, Total Count 17
DEBUG LEAVES END: User admin@dayflow.com, Count 17
DEBUG LEAVES: User admin@dayflow.com, Role admin, Total Count 17
DEBUG LEAVES END: User admin@dayflow.com, Count 17
DEBUG LEAVES: User admin@dayflow.com, Role admin, Total Count 17
DEBUG LEAVES END: User admin@dayflow.com, Count 17
DEBUG LEAVES: User admin@dayflow.com, Role admin, Total Count 17
DEBUG LEAVES END: User admin@dayflow.com, Count 17
DEBUG LEAVES: User admin@dayflow.com, Role admin, Total Count 17
DEBUG LEAVES END: User admin@dayflow.com, Count 17
DEBUG LEAVES: User admin@dayflow.com, Role admin, Total Count 17
DEBUG LEAVES END: User admin@dayflow.com, Count 17
DEBUG LEAVES: User admin@dayflow.com, Role admin, Total Count 17
DEBUG LEAVES END: User admin@dayflow.com, Count 17
DEBUG LEAVES: User admin@dayflow.com, Role admin, Total Count 17
DEBUG LEAVES END: User admin@dayflow.com, Count 17
DEBUG LEAVES: User admin@dayflow.com, Role admin, Total Count 17
DEBUG LEAVES END: User admin@dayflow.com, Count 5
DEBUG LEAVES: User admin@dayflow.com, Role admin, Total Count 17
DEBUG LEAVES END: User admin@dayflow.com, Count 17
DEBUG LEAVES: User admin@dayflow.com, Role admin, Total Count 17
DEBUG LEAVES END: User admin@dayflow.com, Count 17
DEBUG LEAVES: User admin@dayflow.com, Role admin, Total Count 17
DEBUG LEAVES END: User admin@dayflow.com, Count 17
DEBUG LEAVES: User admin@dayflow.com, Role admin, Total Count 17
DEBUG LEAVES END: User admin@dayflow.com, Count 17
DEBUG LEAVES: User admin@dayflow.com, Role admin, Total Count 17
DEBUG LEAVES END: User admin@dayflow.com, Count 17
DEBUG LEAVES: User admin@dayflow.com, Role admin, Total Count 17
DEBUG LEAVES END: User admin@dayflow.com, Count 17
DEBUG LEAVES: User admin@dayflow.com, Role admin, Total Count 17
DEBUG LEAVES END: User admin@dayflow.com, Count 17
DEBUG LEAVES: User admin@dayflow.com, Role admin, Total Count 17
DEBUG LEAVES END: User admin@dayflow.com, Count 17
DEBUG LEAVES: User admin@dayflow.com, Role admin, Total Count 17
DEBUG LEAVES END: User admin@dayflow.com, Count 17
DEBUG LEAVES: User admin@dayflow.com, Role admin, Total Count 17
DEBUG LEAVES END: User admin@dayflow.com, Count 17
DEBUG LEAVES: User admin@dayflow.com, Role admin, Total Count 17
DEBUG LEAVES END: User admin@dayflow.com, Count 17
DEBUG LEAVES: User admin@dayflow.com, Role admin, Total Count 17
DEBUG LEAVES END: User admin@dayflow.com, Count 4
DEBUG LEAVES: User admin@dayflow.com, Role admin, Total Count 17
DEBUG LEAVES END: User admin@dayflow.com, Count 4
DEBUG LEAVES: User admin@dayflow.com, Role admin, Total Count 17
DEBUG LEAVES END: User admin@dayflow.com, Count 4
DEBUG LEAVES: User admin@dayflow.com, Role admin, Total Count 17
DEBUG LEAVES END: User admin@dayflow.com, Count 17
DEBUG LEAVES: User admin@dayflow.com, Role admin, Total Count 17
DEBUG LEAVES END: User admin@dayflow.com, Count 17
DEBUG LEAVES: User admin@dayflow.com, Role admin, Total Count 17
DEBUG LEAVES END: User admin@dayflow.com, Count 17
DEBUG LEAVES: User admin@dayflow.com, Role admin, Total Count 17
DEBUG LEAVES END: User admin@dayflow.com, Count 17
DEBUG LEAVES: User admin@dayflow.com, Role admin, Total Count 17
DEBUG LEAVES END: User admin@dayflow.com, Count 17
DEBUG LEAVES: User admin@dayflow.com, Role admin, Total Count 17
DEBUG LEAVES END: User admin@dayflow.com, Count 17
DEBUG LEAVES: User admin@dayflow.com, Role admin, Total Count 17
DEBUG LEAVES END: User admin@dayflow.com, Count 17
DEBUG LEAVES: User admin@dayflow.com, Role admin, Total Count 17
DEBUG LEAVES END: User admin@dayflow.com, Count 17
DEBUG LEAVES: User admin@dayflow.com, Role admin, Total Count 17
DEBUG LEAVES END: User admin@dayflow.com, Count 17
DEBUG LEAVES: User admin@dayflow.com, Role admin, Total Count 17
DEBUG LEAVES END: User admin@dayflow.com, Count 17
DEBUG LEAVES: User admin@dayflow.com, Role admin, Total Count 17
DEBUG LEAVES END: User admin@dayflow.com, Count 17
DEBUG LEAVES: User admin@dayflow.com, Role admin, Total Count 17
DEBUG LEAVES END: User admin@dayflow.com, Count 17
DEBUG LEAVES: User admin@dayflow.com, Role admin, Total Count 17
DEBUG LEAVES END: User admin@dayflow.com, Count 17
DEBUG LEAVES: User admin@dayflow.com, Role admin, Total Count 17
DEBUG LEAVES END: User admin@dayflow.com, Count 17
DEBUG LEAVES: User admin@dayflow.com, Role admin, Total Count 17
DEBUG LEAVES END: User admin@dayflow.com, Count 17
DEBUG APPROVE: Request ID 16, Current Status 'pending', User admin@dayflow.com
DEBUG LEAVES: User admin@dayflow.com, Role admin, Total Count 17
DEBUG LEAVES END: User admin@dayflow.com, Count 17
DEBUG LEAVES: User admin@dayflow.com, Role admin, Total Count 17
DEBUG LEAVES END: User admin@dayflow.com, Count 17
DEBUG APPROVE: Request ID 16, Current Status 'approved', User admin@dayflow.com
DEBUG LEAVES: User admin@dayflow.com, Role admin, Total Count 17
DEBUG LEAVES END: User admin@dayflow.com, Count 17
DEBUG APPROVE: Request ID 16, Current Status 'approved', User admin@dayflow.com
DEBUG LEAVES: User admin@dayflow.com, Role admin, Total Count 17
DEBUG LEAVES END: User admin@dayflow.com, Count 17
DEBUG APPROVE: Request ID 16, Current Status 'approved', User admin@dayflow.com
DEBUG LEAVES: User admin@dayflow.com, Role admin, Total Count 17
DEBUG LEAVES END: User admin@dayflow.com, Count 17
DEBUG APPROVE: Request ID 16, Current Status 'approved', User admin@dayflow.com
DEBUG LEAVES: User admin@dayflow.com, Role admin, Total Count 17
DEBUG LEAVES END: User admin@dayflow.com, Count 17
DEBUG APPROVE: Request ID 16, Current Status 'approved', User admin@dayflow.com
DEBUG LEAVES: User admin@dayflow.com, Role admin, Total Count 17
DEBUG LEAVES END: User admin@dayflow.com, Count 17
DEBUG APPROVE: Request ID 16, Current Status 'approved', User admin@dayflow.com
DEBUG LEAVES: User admin@dayflow.com, Role admin, Total Count 17
DEBUG LEAVES END: User admin@dayflow.com, Count 17
DEBUG APPROVE: Request ID 16, Current Status 'approved', User admin@dayflow.com
DEBUG LEAVES: User admin@dayflow.com, Role admin, Total Count 17
DEBUG LEAVES END: User admin@dayflow.com, Count 17
DEBUG APPROVE: Request ID 16, Current Status 'approved', User admin@dayflow.com
DEBUG LEAVES: User admin@dayflow.com, Role admin, Total Count 17
DEBUG LEAVES END: User admin@dayflow.com, Count 17
DEBUG APPROVE: Request ID 16, Current Status 'approved', User admin@dayflow.com
DEBUG LEAVES: User admin@dayflow.com, Role admin, Total Count 17
DEBUG LEAVES END: User admin@dayflow.com, Count 17
DEBUG APPROVE: Request ID 16, Current Status 'approved', User admin@dayflow.com
DEBUG LEAVES: User admin@dayflow.com, Role admin, Total Count 17
DEBUG LEAVES END: User admin@dayflow.com, Count 17
DEBUG APPROVE: Request ID 16, Current Status 'approved', User admin@dayflow.com
DEBUG LEAVES: User admin@dayflow.com, Role admin, Total Count 17
DEBUG LEAVES END: User admin@dayflow.com, Count 17
DEBUG APPROVE: Request ID 16, Current Status 'approved', User admin@dayflow.com
DEBUG LEAVES: User admin@dayflow.com, Role admin, Total Count 17
DEBUG LEAVES END: User admin@dayflow.com, Count 17
DEBUG APPROVE: Request ID 16, Current Status 'approved', User admin@dayflow.com
DEBUG LEAVES: User admin@dayflow.com, Role admin, Total Count 17
DEBUG LEAVES END: User admin@dayflow.com, Count 17
DEBUG APPROVE: Request ID 16, Current Status 'approved', User admin@dayflow.com
DEBUG LEAVES: User admin@dayflow.com, Role admin, Total Count 17
DEBUG LEAVES END: User admin@dayflow.com, Count 17
DEBUG LEAVES: User admin@dayflow.com, Role admin, Total Count 17
DEBUG LEAVES END: User admin@dayflow.com, Count 17
DEBUG LEAVES: User admin@dayflow.com, Role admin, Total Count 17
DEBUG LEAVES END: User admin@dayflow.com, Count 17
DEBUG APPROVE: Request ID 16, Current Status 'approved', User admin@dayflow.com
DEBUG LEAVES: User admin@dayflow.com, Role admin, Total Count 17
DEBUG LEAVES END: User admin@dayflow.com, Count 17
DEBUG APPROVE: Request ID 16, Current Status 'approved', User admin@dayflow.com
DEBUG LEAVES: User admin@dayflow.com, Role admin, Total Count 17
DEBUG LEAVES END: User admin@dayflow.com, Count 17
DEBUG APPROVE: Request ID 16, Current Status 'approved', User admin@dayflow.com
DEBUG LEAVES: User admin@dayflow.com, Role admin, Total Count 17
DEBUG LEAVES END: User admin@dayflow.com, Count 17
DEBUG APPROVE: Request ID 16, Current Status 'approved', User admin@dayflow.com
DEBUG LEAVES: User admin@dayflow.com, Role admin, Total Count 17
DEBUG LEAVES END: User admin@dayflow.com, Count 17
DEBUG APPROVE: Request ID 10, Current Status 'pending', User admin@dayflow.com
DEBUG LEAVES: User admin@dayflow.com, Role admin, Total Count 17
DEBUG LEAVES END: User admin@dayflow.com, Count 17
DEBUG LEAVES: User admin@dayflow.com, Role admin, Total Count 17
DEBUG LEAVES END: User admin@dayflow.com, Count 17
DEBUG APPROVE: Request ID 10, Current Status 'approved', User admin@dayflow.com
DEBUG LEAVES: User admin@dayflow.com, Role admin, Total Count 17
DEBUG LEAVES END: User admin@dayflow.com, Count 17
DEBUG APPROVE: Request ID 10, Current Status 'approved', User admin@dayflow.com
DEBUG LEAVES: User admin@dayflow.com, Role admin, Total Count 17
DEBUG LEAVES END: User admin@dayflow.com, Count 17
DEBUG APPROVE: Request ID 10, Current Status 'approved', User admin@dayflow.com
DEBUG LEAVES: User admin@dayflow.com, Role admin, Total Count 17
DEBUG LEAVES END: User admin@dayflow.com, Count 17
DEBUG APPROVE: Request ID 10, Current Status 'approved', User admin@dayflow.com
DEBUG LEAVES: User admin@dayflow.com, Role admin, Total Count 17
DEBUG LEAVES END: User admin@dayflow.com, Count 17
DEBUG APPROVE: Request ID 10, Current Status 'approved', User admin@dayflow.com
DEBUG LEAVES: User admin@dayflow.com, Role admin, Total Count 17
DEBUG LEAVES END: User admin@dayflow.com, Count 17
DEBUG APPROVE: Request ID 10, Current Status 'approved', User admin@dayflow.com
DEBUG LEAVES: User admin@dayflow.com, Role admin, Total Count 17
DEBUG LEAVES END: User admin@dayflow.com, Count 17
DEBUG APPROVE: Request ID 10, Current Status 'approved', User admin@dayflow.com
DEBUG LEAVES: User admin@dayflow.com, Role admin, Total Count 17
DEBUG LEAVES END: User admin@dayflow.com, Count 17
DEBUG APPROVE: Request ID 10, Current Status 'approved', User admin@dayflow.com
DEBUG LEAVES: User admin@dayflow.com, Role admin, Total Count 17
DEBUG LEAVES END: User admin@dayflow.com, Count 17
DEBUG APPROVE: Request ID 10, Current Status 'approved', User admin@dayflow.com
DEBUG LEAVES: User admin@dayflow.com, Role admin, Total Count 17
DEBUG LEAVES END: User admin@dayflow.com, Count 17
DEBUG APPROVE: Request ID 10, Current Status 'approved', User admin@dayflow.com
DEBUG LEAVES: User admin@dayflow.com, Role admin, Total Count 17
DEBUG LEAVES END: User admin@dayflow.com, Count 17
DEBUG APPROVE: Request ID 10, Current Status 'approved', User admin@dayflow.com
DEBUG LEAVES: User admin@dayflow.com, Role admin, Total Count 17
DEBUG LEAVES END: User admin@dayflow.com, Count 17
DEBUG APPROVE: Request ID 10, Current Status 'approved', User admin@dayflow.com
DEBUG LEAVES: User admin@dayflow.com, Role admin, Total Count 17
DEBUG LEAVES END: User admin@dayflow.com, Count 17
DEBUG APPROVE: Request ID 10, Current Status 'approved', User admin@dayflow.com
DEBUG LEAVES: User admin@dayflow.com, Role admin, Total Count 17
DEBUG LEAVES END: User admin@dayflow.com, Count 17
DEBUG APPROVE: Request ID 16, Current Status 'approved', User admin@dayflow.com
DEBUG LEAVES: User admin@dayflow.com, Role admin, Total Count 17
DEBUG LEAVES END: User admin@dayflow.com, Count 17
DEBUG LEAVES: User admin@dayflow.com, Role admin, Total Count 17
DEBUG LEAVES END: User admin@dayflow.com, Count 17
DEBUG LEAVES: User admin@dayflow.com, Role admin, Total Count 17
DEBUG LEAVES END: User admin@dayflow.com, Count 17
DEBUG LEAVES: User admin@dayflow.com, Role admin, Total Count 17
DEBUG LEAVES END: User admin@dayflow.com, Count 17
DEBUG LEAVES: User admin@dayflow.com, Role admin, Total Count 17
DEBUG LEAVES END: User admin@dayflow.com, Count 17
DEBUG LEAVES: User admin@dayflow.com, Role admin, Total Count 17
DEBUG LEAVES END: User admin@dayflow.com, Count 17
DEBUG LEAVES: User admin@dayflow.com, Role admin, Total Count 17
DEBUG LEAVES END: User admin@dayflow.com, Count 17
DEBUG APPROVE: Request ID 16, Current Status 'approved', User admin@dayflow.com
DEBUG LEAVES: User admin@dayflow.com, Role admin, Total Count 17
DEBUG LEAVES END: User admin@dayflow.com, Count 17
DEBUG APPROVE: Request ID 16, Current Status 'approved', User admin@dayflow.com
DEBUG LEAVES: User admin@dayflow.com, Role admin, Total Count 17
DEBUG LEAVES END: User admin@dayflow.com, Count 17
DEBUG APPROVE: Request ID 16, Current Status 'approved', User admin@dayflow.com
DEBUG LEAVES: User admin@dayflow.com, Role admin, Total Count 17
DEBUG LEAVES END: User admin@dayflow.com, Count 17
DEBUG APPROVE: Request ID 16, Current Status 'approved', User admin@dayflow.com
DEBUG LEAVES: User admin@dayflow.com, Role admin, Total Count 17
DEBUG LEAVES END: User admin@dayflow.com, Count 17
DEBUG APPROVE: Request ID 16, Current Status 'approved', User admin@dayflow.com
DEBUG LEAVES: User admin@dayflow.com, Role admin, Total Count 17
DEBUG LEAVES END: User admin@dayflow.com, Count 17
DEBUG APPROVE: Request ID 16, Current Status 'approved', User admin@dayflow.com
DEBUG LEAVES: User admin@dayflow.com, Role admin, Total Count 17
DEBUG LEAVES END: User admin@dayflow.com, Count 17
DEBUG APPROVE: Request ID 16, Current Status 'approved', User admin@dayflow.com
DEBUG LEAVES: User admin@dayflow.com, Role admin, Total Count 17
DEBUG LEAVES END: User admin@dayflow.com, Count 17
DEBUG APPROVE: Request ID 10, Current Status 'approved', User admin@dayflow.com
DEBUG LEAVES: User admin@dayflow.com, Role admin, Total Count 17
DEBUG LEAVES END: User admin@dayflow.com, Count 17
DEBUG APPROVE: Request ID 17, Current Status 'approved', User admin@dayflow.com
DEBUG LEAVES: User admin@dayflow.com, Role admin, Total Count 17
DEBUG LEAVES END: User admin@dayflow.com, Count 17
DEBUG LEAVES: User admin@dayflow.com, Role admin, Total Count 17
DEBUG LEAVES END: User admin@dayflow.com, Count 17
DEBUG LEAVES: User admin@dayflow.com, Role admin, Total Count 17
DEBUG LEAVES END: User admin@dayflow.com, Count 17
DEBUG LEAVES: User admin@dayflow.com, Role admin, Total Count 17
DEBUG LEAVES END: User admin@dayflow.com, Count 17
DEBUG APPROVE: Request ID 10, Current Status 'approved', User admin@dayflow.com
DEBUG LEAVES: User admin@dayflow.com, Role admin, Total Count 17
DEBUG LEAVES END: User admin@dayflow.com, Count 17
DEBUG APPROVE: Request ID 10, Current Status 'approved', User admin@dayflow.com
DEBUG LEAVES: User admin@dayflow.com, Role admin, Total Count 17
DEBUG LEAVES END: User admin@dayflow.com, Count 17
DEBUG APPROVE: Request ID 10, Current Status 'approved', User admin@dayflow.com
DEBUG LEAVES: User admin@dayflow.com, Role admin, Total Count 17
DEBUG LEAVES END: User admin@dayflow.com, Count 17
DEBUG APPROVE: Request ID 10, Current Status 'approved', User admin@dayflow.com
DEBUG LEAVES: User admin@dayflow.com, Role admin, Total Count 17
DEBUG LEAVES END: User admin@dayflow.com, Count 17
DEBUG APPROVE: Request ID 10, Current Status 'approved', User admin@dayflow.com
DEBUG LEAVES: User admin@dayflow.com, Role admin, Total Count 17
DEBUG LEAVES END: User admin@dayflow.com, Count 17
DEBUG APPROVE: Request ID 10, Current Status 'approved', User admin@dayflow.com
DEBUG LEAVES: User admin@dayflow.com, Role admin, Total Count 17
DEBUG LEAVES END: User admin@dayflow.com, Count 17
DEBUG APPROVE: Request ID 10, Current Status 'approved', User admin@dayflow.com
DEBUG LEAVES: User admin@dayflow.com, Role admin, Total Count 17
DEBUG LEAVES END: User admin@dayflow.com, Count 17
DEBUG APPROVE: Request ID 10, Current Status 'approved', User admin@dayflow.com
DEBUG LEAVES: User admin@dayflow.com, Role admin, Total Count 17
DEBUG LEAVES END: User admin@dayflow.com, Count 17
DEBUG APPROVE: Request ID 10, Current Status 'approved', User admin@dayflow.com
DEBUG LEAVES: User admin@dayflow.com, Role admin, Total Count 17
DEBUG LEAVES END: User admin@dayflow.com, Count 17
DEBUG APPROVE: Request ID 10, Current Status 'approved', User admin@dayflow.com
DEBUG LEAVES: User admin@dayflow.com, Role admin, Total Count 17
DEBUG LEAVES END: User admin@dayflow.com, Count 17
DEBUG APPROVE: Request ID 10, Current Status 'approved', User admin@dayflow.com
DEBUG LEAVES: User admin@dayflow.com, Role admin, Total Count 17
DEBUG LEAVES END: User admin@dayflow.com, Count 17
DEBUG APPROVE: Request ID 10, Current Status 'approved', User admin@dayflow.com
DEBUG LEAVES: User admin@dayflow.com, Role admin, Total Count 17
DEBUG LEAVES END: User admin@dayflow.com, Count 17
DEBUG APPROVE: Request ID 10, Current Status 'approved', User admin@dayflow.com
DEBUG LEAVES: User admin@dayflow.com, Role admin, Total Count 17
DEBUG LEAVES END: User admin@dayflow.com, Count 17
DEBUG APPROVE: Request ID 10, Current Status 'approved', User admin@dayflow.com
DEBUG LEAVES: User admin@dayflow.com, Role admin, Total Count 17
DEBUG LEAVES END: User admin@dayflow.com, Count 17
DEBUG LEAVES: User admin@dayflow.com, Role admin, Total Count 17
DEBUG LEAVES END: User admin@dayflow.com, Count 17
DEBUG LEAVES: User admin@dayflow.com, Role admin, Total Count 17
DEBUG LEAVES END: User admin@dayflow.com, Count 17
DEBUG LEAVES: User admin@dayflow.com, Role admin, Total Count 17
DEBUG LEAVES END: User admin@dayflow.com, Count 17
DEBUG LEAVES: User admin@dayflow.com, Role admin, Total Count 17
DEBUG LEAVES END: User admin@dayflow.com, Count 17
DEBUG LEAVES: User admin@dayflow.com, Role admin, Total Count 17
DEBUG LEAVES END: User admin@dayflow.com, Count 17
DEBUG LEAVES: User admin@dayflow.com, Role admin, Total Count 17
DEBUG LEAVES END: User admin@dayflow.com, Count 17
DEBUG LEAVES: User admin@dayflow.com, Role admin, Total Count 17
DEBUG LEAVES END: User admin@dayflow.com, Count 17
DEBUG LEAVES: User admin@dayflow.com, Role admin, Total Count 17
DEBUG LEAVES END: User admin@dayflow.com, Count 17
DEBUG LEAVES: User admin@dayflow.com, Role admin, Total Count 17
DEBUG LEAVES END: User admin@dayflow.com, Count 17
DEBUG LEAVES: User admin@dayflow.com, Role admin, Total Count 17
DEBUG LEAVES END: User admin@dayflow.com, Count 17
DEBUG LEAVES: User admin@dayflow.com, Role admin, Total Count 17
DEBUG LEAVES END: User admin@dayflow.com, Count 17
DEBUG LEAVES: User admin@dayflow.com, Role admin, Total Count 17
DEBUG LEAVES END: User admin@dayflow.com, Count 17
DEBUG LEAVES: User admin@dayflow.com, Role admin, Total Count 17
DEBUG LEAVES END: User admin@dayflow.com, Count 17
DEBUG LEAVES: User admin@dayflow.com, Role admin, Total Count 17
DEBUG LEAVES END: User admin@dayflow.com, Count 17
DEBUG LEAVES: User admin@dayflow.com, Role admin, Total Count 17
DEBUG LEAVES END: User admin@dayflow.com, Count 17
DEBUG LEAVES: User admin@dayflow.com, Role admin, Total Count 17
DEBUG LEAVES END: User admin@dayflow.com, Count 17
DEBUG LEAVES: User admin@dayflow.com, Role admin, Total Count 17
DEBUG LEAVES END: User admin@dayflow.com, Count 17
DEBUG LEAVES: User admin@dayflow.com, Role admin, Total Count 17
DEBUG LEAVES END: User admin@dayflow.com, Count 17
DEBUG LEAVES: User admin@dayflow.com, Role admin, Total Count 17
DEBUG LEAVES END: User admin@dayflow.com, Count 17
DEBUG APPROVE: Request ID 10, Current Status 'approved', User admin@dayflow.com
DEBUG LEAVES: User admin@dayflow.com, Role admin, Total Count 17
DEBUG LEAVES END: User admin@dayflow.com, Count 17
DEBUG APPROVE: Request ID 10, Current Status 'approved', User admin@dayflow.com
DEBUG LEAVES: User admin@dayflow.com, Role admin, Total Count 17
DEBUG LEAVES END: User admin@dayflow.com, Count 17
DEBUG APPROVE: Request ID 10, Current Status 'approved', User admin@dayflow.com
DEBUG LEAVES: User admin@dayflow.com, Role admin, Total Count 17
DEBUG LEAVES END: User admin@dayflow.com, Count 17
DEBUG APPROVE: Request ID 10, Current Status 'approved', User admin@dayflow.com
DEBUG LEAVES: User admin@dayflow.com, Role admin, Total Count 17
DEBUG LEAVES END: User admin@dayflow.com, Count 17
DEBUG APPROVE: Request ID 10, Current Status 'approved', User admin@dayflow.com
DEBUG LEAVES: User admin@dayflow.com, Role admin, Total Count 17
DEBUG LEAVES END: User admin@dayflow.com, Count 17
DEBUG APPROVE: Request ID 10, Current Status 'approved', User admin@dayflow.com
DEBUG LEAVES: User admin@dayflow.com, Role admin, Total Count 17
DEBUG LEAVES END: User admin@dayflow.com, Count 17
DEBUG APPROVE: Request ID 10, Current Status 'approved', User admin@dayflow.com
DEBUG LEAVES: User admin@dayflow.com, Role admin, Total Count 17
DEBUG LEAVES END: User admin@dayflow.com, Count 17
DEBUG APPROVE: Request ID 10, Current Status 'approved', User admin@dayflow.com
DEBUG LEAVES: User admin@dayflow.com, Role admin, Total Count 17
DEBUG LEAVES END: User admin@dayflow.com, Count 17
DEBUG LEAVES: User admin@dayflow.com, Role admin, Total Count 17
DEBUG LEAVES END: User admin@dayflow.com, Count 17
DEBUG LEAVES: User admin@dayflow.com, Role admin, Total Count 17
DEBUG LEAVES END: User admin@dayflow.com, Count 17
DEBUG LEAVES: User admin@dayflow.com, Role admin, Total Count 17
DEBUG LEAVES END: User admin@dayflow.com, Count 17
DEBUG APPROVE: Request ID 10, Current Status 'approved', User admin@dayflow.com
DEBUG LEAVES: User admin@dayflow.com, Role admin, Total Count 17
DEBUG LEAVES END: User admin@dayflow.com, Count 17
DEBUG LEAVES: User admin@dayflow.com, Role admin, Total Count 17
DEBUG LEAVES END: User admin@dayflow.com, Count 17
DEBUG LEAVES: User admin@dayflow.com, Role admin, Total Count 17
DEBUG LEAVES END: User admin@dayflow.com, Count 17
DEBUG LEAVES: User admin@dayflow.com, Role admin, Total Count 17
DEBUG LEAVES END: User admin@dayflow.com, Count 17
DEBUG LEAVES: User admin@dayflow.com, Role admin, Total Count 17
DEBUG LEAVES END: User admin@dayflow.com, Count 17
DEBUG LEAVES: User admin@dayflow.com, Role admin, Total Count 17
DEBUG LEAVES END: User admin@dayflow.com, Count 17
DEBUG LEAVES: User admin@dayflow.com, Role admin, Total Count 17
DEBUG LEAVES END: User admin@dayflow.com, Count 17
DEBUG LEAVES: User admin@dayflow.com, Role admin, Total Count 17
DEBUG LEAVES END: User admin@dayflow.com, Count 17
DEBUG LEAVES: User admin@dayflow.com, Role admin, Total Count 17
DEBUG LEAVES END: User admin@dayflow.com, Count 17
DEBUG LEAVES: User admin@dayflow.com, Role admin, Total Count 17
DEBUG LEAVES END: User admin@dayflow.com, Count 17
DEBUG LEAVES: User admin@dayflow.com, Role admin, Total Count 17
DEBUG LEAVES END: User admin@dayflow.com, Count 17
DEBUG LEAVES: User admin@dayflow.com, Role admin, Total Count 17
DEBUG LEAVES END: User admin@dayflow.com, Count 17
DEBUG LEAVES: User admin@dayflow.com, Role admin, Total Count 17
DEBUG LEAVES END: User admin@dayflow.com, Count 17
DEBUG LEAVES: User admin@dayflow.com, Role admin, Total Count 17
DEBUG LEAVES END: User admin@dayflow.com, Count 17
DEBUG APPROVE: Request ID 9, Current Status 'pending', User admin@dayflow.com
DEBUG LEAVES: User admin@dayflow.com, Role admin, Total Count 17
DEBUG LEAVES END: User admin@dayflow.com, Count 17
DEBUG LEAVES: User admin@dayflow.com, Role admin, Total Count 17
DEBUG LEAVES END: User admin@dayflow.com, Count 17
DEBUG APPROVE: Request ID 9, Current Status 'approved', User admin@dayflow.com
DEBUG LEAVES: User admin@dayflow.com, Role admin, Total Count 17
DEBUG LEAVES END: User admin@dayflow.com, Count 17
DEBUG APPROVE: Request ID 9, Current Status 'approved', User admin@dayflow.com
DEBUG LEAVES: User admin@dayflow.com, Role admin, Total Count 17
DEBUG LEAVES END: User admin@dayflow.com, Count 17
DEBUG APPROVE: Request ID 9, Current Status 'approved', User admin@dayflow.com
DEBUG LEAVES: User admin@dayflow.com, Role admin, Total Count 17
DEBUG LEAVES END: User admin@dayflow.com, Count 17
DEBUG APPROVE: Request ID 9, Current Status 'approved', User admin@dayflow.com
DEBUG LEAVES: User admin@dayflow.com, Role admin, Total Count 17
DEBUG LEAVES END: User admin@dayflow.com, Count 17
DEBUG APPROVE: Request ID 9, Current Status 'approved', User admin@dayflow.com
DEBUG LEAVES: User admin@dayflow.com, Role admin, Total Count 17
DEBUG LEAVES END: User admin@dayflow.com, Count 17
DEBUG APPROVE: Request ID 9, Current Status 'approved', User admin@dayflow.com
DEBUG LEAVES: User admin@dayflow.com, Role admin, Total Count 17
DEBUG LEAVES END: User admin@dayflow.com, Count 17
DEBUG APPROVE: Request ID 9, Current Status 'approved', User admin@dayflow.com
DEBUG LEAVES: User admin@dayflow.com, Role admin, Total Count 17
DEBUG LEAVES END: User admin@dayflow.com, Count 17
DEBUG APPROVE: Request ID 9, Current Status 'approved', User admin@dayflow.com
DEBUG LEAVES: User admin@dayflow.com, Role admin, Total Count 17
DEBUG LEAVES END: User admin@dayflow.com, Count 17
DEBUG APPROVE: Request ID 9, Current Status 'approved', User admin@dayflow.com
DEBUG LEAVES: User admin@dayflow.com, Role admin, Total Count 17
DEBUG LEAVES END: User admin@dayflow.com, Count 17
DEBUG APPROVE: Request ID 9, Current Status 'approved', User admin@dayflow.com
DEBUG LEAVES: User admin@dayflow.com, Role admin, Total Count 17
DEBUG LEAVES END: User admin@dayflow.com, Count 17
DEBUG APPROVE: Request ID 8, Current Status 'pending', User admin@dayflow.com
DEBUG LEAVES: User admin@dayflow.com, Role admin, Total Count 17
DEBUG LEAVES END: User admin@dayflow.com, Count 17
DEBUG LEAVES: User admin@dayflow.com, Role admin, Total Count 17
DEBUG LEAVES END: User admin@dayflow.com, Count 17
DEBUG APPROVE: Request ID 8, Current Status 'approved', User admin@dayflow.com
DEBUG LEAVES: User admin@dayflow.com, Role admin, Total Count 17
DEBUG LEAVES END: User admin@dayflow.com, Count 17
DEBUG APPROVE: Request ID 8, Current Status 'approved', User admin@dayflow.com
DEBUG LEAVES: User admin@dayflow.com, Role admin, Total Count 17
DEBUG LEAVES END: User admin@dayflow.com, Count 17
DEBUG APPROVE: Request ID 8, Current Status 'approved', User admin@dayflow.com
DEBUG LEAVES: User admin@dayflow.com, Role admin, Total Count 17
DEBUG LEAVES END: User admin@dayflow.com, Count 17
DEBUG APPROVE: Request ID 8, Current Status 'approved', User admin@dayflow.com
DEBUG LEAVES: User admin@dayflow.com, Role admin, Total Count 17
DEBUG LEAVES END: User admin@dayflow.com, Count 17
DEBUG APPROVE: Request ID 8, Current Status 'approved', User admin@dayflow.com
DEBUG LEAVES: User admin@dayflow.com, Role admin, Total Count 17
DEBUG LEAVES END: User admin@dayflow.com, Count 17
DEBUG APPROVE: Request ID 8, Current Status 'approved', User admin@dayflow.com
DEBUG LEAVES: User admin@dayflow.com, Role admin, Total Count 17
DEBUG LEAVES END: User admin@dayflow.com, Count 17
DEBUG APPROVE: Request ID 8, Current Status 'approved', User admin@dayflow.com
DEBUG LEAVES: User admin@dayflow.com, Role admin, Total Count 17
DEBUG LEAVES END: User admin@dayflow.com, Count 17
DEBUG APPROVE: Request ID 8, Current Status 'approved', User admin@dayflow.com
DEBUG LEAVES: User admin@dayflow.com, Role admin, Total Count 17
DEBUG LEAVES END: User admin@dayflow.com, Count 17
DEBUG LEAVES: User admin@dayflow.com, Role admin, Total Count 17
DEBUG LEAVES END: User admin@dayflow.com, Count 17
DEBUG LEAVES: User admin@dayflow.com, Role admin, Total Count 17
DEBUG LEAVES END: User admin@dayflow.com, Count 17
DEBUG LEAVES: User admin@dayflow.com, Role admin, Total Count 17
DEBUG LEAVES END: User admin@dayflow.com, Count 17
DEBUG LEAVES: User admin@dayflow.com, Role admin, Total Count 17
DEBUG LEAVES END: User admin@dayflow.com, Count 17
DEBUG LEAVES: User admin@dayflow.com, Role admin, Total Count 17
DEBUG LEAVES END: User admin@dayflow.com, Count 17
DEBUG LEAVES: User admin@dayflow.com, Role admin, Total Count 17
DEBUG LEAVES END: User admin@dayflow.com, Count 17
DEBUG LEAVES: User admin@dayflow.com, Role admin, Total Count 17
DEBUG LEAVES END: User admin@dayflow.com, Count 17
DEBUG LEAVES: User admin@dayflow.com, Role admin, Total Count 17
DEBUG LEAVES END: User admin@dayflow.com, Count 17
DEBUG LEAVES: User admin@dayflow.com, Role admin, Total Count 17
DEBUG LEAVES END: User admin@dayflow.com, Count 17
DEBUG LEAVES: User admin@dayflow.com, Role admin, Total Count 17
DEBUG LEAVES END: User admin@dayflow.com, Count 17
DEBUG LEAVES: User admin@dayflow.com, Role admin, Total Count 17
DEBUG LEAVES END: User admin@dayflow.com, Count 17
DEBUG LEAVES: User admin@dayflow.com, Role admin, Total Count 17
DEBUG LEAVES END: User admin@dayflow.com, Count 17
DEBUG APPROVE: Request ID 9, Current Status 'approved', User admin@dayflow.com
DEBUG LEAVES: User admin@dayflow.com, Role admin, Total Count 17
DEBUG LEAVES END: User admin@dayflow.com, Count 17
DEBUG APPROVE: Request ID 9, Current Status 'approved', User admin@dayflow.com
DEBUG LEAVES: User admin@dayflow.com, Role admin, Total Count 17
DEBUG LEAVES END: User admin@dayflow.com, Count 17
DEBUG APPROVE: Request ID 9, Current Status 'approved', User admin@dayflow.com
DEBUG LEAVES: User admin@dayflow.com, Role admin, Total Count 17
DEBUG LEAVES END: User admin@dayflow.com, Count 17
DEBUG APPROVE: Request ID 9, Current Status 'approved', User admin@dayflow.com
DEBUG LEAVES: User admin@dayflow.com, Role admin, Total Count 17
DEBUG LEAVES END: User admin@dayflow.com, Count 17
DEBUG APPROVE: Request ID 9, Current Status 'approved', User admin@dayflow.com
DEBUG LEAVES: User admin@dayflow.com, Role admin, Total Count 17
DEBUG LEAVES END: User admin@dayflow.com, Count 17
DEBUG APPROVE: Request ID 9, Current Status 'approved', User admin@dayflow.com
DEBUG LEAVES: User admin@dayflow.com, Role admin, Total Count 17
DEBUG LEAVES END: User admin@dayflow.com, Count 17
DEBUG APPROVE: Request ID 9, Current Status 'approved', User admin@dayflow.com
DEBUG LEAVES: User admin@dayflow.com, Role admin, Total Count 17
DEBUG LEAVES END: User admin@dayflow.com, Count 17
DEBUG APPROVE: Request ID 9, Current Status 'approved', User admin@dayflow.com
DEBUG LEAVES: User admin@dayflow.com, Role admin, Total Count 17
DEBUG LEAVES END: User admin@dayflow.com, Count 17
DEBUG APPROVE: Request ID 9, Current Status 'approved', User admin@dayflow.com
DEBUG LEAVES: User admin@dayflow.com, Role admin, Total Count 17
DEBUG LEAVES END: User admin@dayflow.com, Count 17
DEBUG LEAVES: User admin@dayflow.com, Role admin, Total Count 17
DEBUG LEAVES END: User admin@dayflow.com, Count 17
DEBUG LEAVES: User admin@dayflow.com, Role admin, Total Count 17
DEBUG LEAVES END: User admin@dayflow.com, Count 17
DEBUG APPROVE: Request ID 9, Current Status 'approved', User admin@dayflow.com
DEBUG LEAVES: User admin@dayflow.com, Role admin, Total Count 17
DEBUG LEAVES END: User admin@dayflow.com, Count 17
DEBUG APPROVE: Request ID 9, Current Status 'approved', User admin@dayflow.com
DEBUG LEAVES: User admin@dayflow.com, Role admin, Total Count 17
DEBUG LEAVES END: User admin@dayflow.com, Count 17
DEBUG APPROVE: Request ID 9, Current Status 'approved', User admin@dayflow.com
DEBUG LEAVES: User admin@dayflow.com, Role admin, Total Count 17
DEBUG LEAVES END: User admin@dayflow.com, Count 17
DEBUG LEAVES: User admin@dayflow.com, Role admin, Total Count 17
DEBUG LEAVES END: User admin@dayflow.com, Count 17
DEBUG LEAVES: User admin@dayflow.com, Role admin, Total Count 17
DEBUG LEAVES END: User admin@dayflow.com, Count 17
DEBUG LEAVES: User admin@dayflow.com, Role admin, Total Count 17
DEBUG LEAVES END: User admin@dayflow.com, Count 17
DEBUG LEAVES: User admin@dayflow.com, Role admin, Total Count 17
DEBUG LEAVES END: User admin@dayflow.com, Count 17
DEBUG LEAVES: User admin@dayflow.com, Role admin, Total Count 17
DEBUG LEAVES END: User admin@dayflow.com, Count 17
DEBUG LEAVES: User admin@dayflow.com, Role admin, Total Count 17
DEBUG LEAVES END: User admin@dayflow.com, Count 17
DEBUG LEAVES: User admin@dayflow.com, Role admin, Total Count 17
DEBUG LEAVES END: User admin@dayflow.com, Count 17
DEBUG LEAVES: User admin@dayflow.com, Role admin, Total Count 17
DEBUG LEAVES END: User admin@dayflow.com, Count 17
DEBUG LEAVES: User admin@dayflow.com, Role admin, Total Count 17
DEBUG LEAVES END: User admin@dayflow.com, Count 17
DEBUG LEAVES: User admin@dayflow.com, Role admin, Total Count 17
DEBUG LEAVES END: User admin@dayflow.com, Count 17
DEBUG LEAVES: User admin@dayflow.com, Role admin, Total Count 17
DEBUG LEAVES END: User admin@dayflow.com, Count 17
DEBUG LEAVES: User admin@dayflow.com, Role admin, Total Count 17
DEBUG LEAVES END: User admin@dayflow.com, Count 17
DEBUG LEAVES: User admin@dayflow.com, Role admin, Total Count 17
DEBUG LEAVES END: User admin@dayflow.com, Count 17
DEBUG LEAVES: User admin@dayflow.com, Role admin, Total Count 17
DEBUG LEAVES END: User admin@dayflow.com, Count 17
DEBUG LEAVES: User admin@dayflow.com, Role admin, Total Count 17
DEBUG LEAVES END: User admin@dayflow.com, Count 17
DEBUG LEAVES: User admin@dayflow.com, Role admin, Total Count 17
DEBUG LEAVES END: User admin@dayflow.com, Count 17
DEBUG LEAVES: User admin@dayflow.com, Role admin, Total Count 17
DEBUG LEAVES END: User admin@dayflow.com, Count 17
DEBUG LEAVES: User admin@dayflow.com, Role admin, Total Count 17
DEBUG LEAVES END: User admin@dayflow.com, Count 17
DEBUG APPROVE: Request ID 9, Current Status 'approved', User admin@dayflow.com
DEBUG LEAVES: User admin@dayflow.com, Role admin, Total Count 17
DEBUG LEAVES END: User admin@dayflow.com, Count 17
DEBUG APPROVE: Request ID 9, Current Status 'approved', User admin@dayflow.com
DEBUG LEAVES: User admin@dayflow.com, Role admin, Total Count 17
DEBUG LEAVES END: User admin@dayflow.com, Count 17
DEBUG APPROVE: Request ID 9, Current Status 'approved', User admin@dayflow.com
DEBUG LEAVES: User admin@dayflow.com, Role admin, Total Count 17
DEBUG LEAVES END: User admin@dayflow.com, Count 17
DEBUG APPROVE: Request ID 9, Current Status 'approved', User admin@dayflow.com
DEBUG LEAVES: User admin@dayflow.com, Role admin, Total Count 17
DEBUG LEAVES END: User admin@dayflow.com, Count 17
DEBUG APPROVE: Request ID 9, Current Status 'approved', User admin@dayflow.com
DEBUG LEAVES: User admin@dayflow.com, Role admin, Total Count 17
DEBUG LEAVES END: User admin@dayflow.com, Count 17
DEBUG APPROVE: Request ID 9, Current Status 'approved', User admin@dayflow.com
DEBUG LEAVES: User admin@dayflow.com, Role admin, Total Count 17
DEBUG LEAVES END: User admin@dayflow.com, Count 17
DEBUG LEAVES: User admin@dayflow.com, Role admin, Total Count 17
DEBUG LEAVES END: User admin@dayflow.com, Count 17
DEBUG LEAVES: User admin@dayflow.com, Role admin, Total Count 17
DEBUG LEAVES END: User admin@dayflow.com, Count 17
DEBUG LEAVES: User admin@dayflow.com, Role admin, Total Count 17
DEBUG LEAVES END: User admin@dayflow.com, Count 17
